nohup: ignoring input
Rejective sampling
Varying over: p
Sweep dimension: p = {10, 50, 90, 130, 170, 210, 250}
Fixed r = -0.75
Batch backend: requested=96, allocated=96, workers=96
[1] "SIMNUM = 500"
[1] "sampling = rejective"
[1] "p = 10 , r = -0.75"
[1] "# of failure: 0"
% latex table generated in R 4.3.3 by xtable 1.8-4 package
% Wed May 27 01:12:31 2026
\begin{table}[ht]
\centering
\begin{tabular}{rrrr}
  \hline
 & BIAS & SE & RMSE \\ 
  \hline
HT & 20.63 & 397.60 & 398.14 \\ 
  Diff & 0.41 & 68.59 & 68.59 \\ 
  GREG.oracle & -5.49 & 76.82 & 77.01 \\ 
  GREG & -11.01 & 76.55 & 77.34 \\ 
  DREG & 0.37 & 78.18 & 78.18 \\ 
  GREG.Lasso & -8.03 & 66.72 & 67.21 \\ 
  DREG.Lasso & 1.14 & 68.77 & 68.78 \\ 
   \hline
\end{tabular}
\caption{Summary of point estimation} 
\end{table}
% latex table generated in R 4.3.3 by xtable 1.8-4 package
% Wed May 27 01:12:31 2026
\begin{table}[ht]
\centering
\begin{tabular}{rrr}
  \hline
 & RB & CR \\ 
  \hline
HT & 1.65 & 1.00 \\ 
  Diff & -0.07 & 0.91 \\ 
  GREG.oracle & -0.00 & 0.92 \\ 
  GREG & -0.01 & 0.91 \\ 
  DREG & 0.02 & 0.92 \\ 
  GREG.Lasso & -0.09 & 0.91 \\ 
  DREG.Lasso & -0.07 & 0.92 \\ 
   \hline
\end{tabular}
\caption{Summary of variance estimation} 
\end{table}
[1] "p = 50 , r = -0.75"
[1] "# of failure: 0"
% latex table generated in R 4.3.3 by xtable 1.8-4 package
% Wed May 27 01:12:50 2026
\begin{table}[ht]
\centering
\begin{tabular}{rrrr}
  \hline
 & BIAS & SE & RMSE \\ 
  \hline
HT & 5.38 & 393.78 & 393.82 \\ 
  Diff & 0.23 & 72.27 & 72.27 \\ 
  GREG.oracle & -5.72 & 79.76 & 79.96 \\ 
  GREG & -49.83 & 77.84 & 92.42 \\ 
  DREG & -1.48 & 85.16 & 85.17 \\ 
  GREG.Lasso & -15.26 & 79.33 & 80.78 \\ 
  DREG.Lasso & 0.45 & 82.68 & 82.68 \\ 
   \hline
\end{tabular}
\caption{Summary of point estimation} 
\end{table}
% latex table generated in R 4.3.3 by xtable 1.8-4 package
% Wed May 27 01:12:50 2026
\begin{table}[ht]
\centering
\begin{tabular}{rrr}
  \hline
 & RB & CR \\ 
  \hline
HT & 1.64 & 1.00 \\ 
  Diff & -0.11 & 0.91 \\ 
  GREG.oracle & -0.05 & 0.92 \\ 
  GREG & -0.20 & 0.78 \\ 
  DREG & -0.03 & 0.93 \\ 
  GREG.Lasso & -0.08 & 0.89 \\ 
  DREG.Lasso & -0.03 & 0.93 \\ 
   \hline
\end{tabular}
\caption{Summary of variance estimation} 
\end{table}
[1] "p = 90 , r = -0.75"
[1] "# of failure: 0"
% latex table generated in R 4.3.3 by xtable 1.8-4 package
% Wed May 27 01:13:12 2026
\begin{table}[ht]
\centering
\begin{tabular}{rrrr}
  \hline
 & BIAS & SE & RMSE \\ 
  \hline
HT & 5.38 & 393.78 & 393.82 \\ 
  Diff & 0.23 & 72.27 & 72.27 \\ 
  GREG.oracle & -5.72 & 79.76 & 79.96 \\ 
  GREG & -88.26 & 77.68 & 117.57 \\ 
  DREG & 0.65 & 91.96 & 91.96 \\ 
  GREG.Lasso & -18.00 & 83.44 & 85.36 \\ 
  DREG.Lasso & 0.55 & 87.49 & 87.50 \\ 
   \hline
\end{tabular}
\caption{Summary of point estimation} 
\end{table}
% latex table generated in R 4.3.3 by xtable 1.8-4 package
% Wed May 27 01:13:12 2026
\begin{table}[ht]
\centering
\begin{tabular}{rrr}
  \hline
 & RB & CR \\ 
  \hline
HT & 1.64 & 1.00 \\ 
  Diff & -0.11 & 0.91 \\ 
  GREG.oracle & -0.05 & 0.92 \\ 
  GREG & -0.37 & 0.58 \\ 
  DREG & -0.06 & 0.93 \\ 
  GREG.Lasso & -0.03 & 0.89 \\ 
  DREG.Lasso & 0.02 & 0.93 \\ 
   \hline
\end{tabular}
\caption{Summary of variance estimation} 
\end{table}
[1] "p = 130 , r = -0.75"
[1] "# of failure: 0"
% latex table generated in R 4.3.3 by xtable 1.8-4 package
% Wed May 27 01:13:41 2026
\begin{table}[ht]
\centering
\begin{tabular}{rrrr}
  \hline
 & BIAS & SE & RMSE \\ 
  \hline
HT & 5.38 & 393.78 & 393.82 \\ 
  Diff & 0.23 & 72.27 & 72.27 \\ 
  GREG.oracle & -5.72 & 79.76 & 79.96 \\ 
  GREG & -131.01 & 76.50 & 151.71 \\ 
  DREG & -1.13 & 96.21 & 96.21 \\ 
  GREG.Lasso & -19.86 & 83.58 & 85.91 \\ 
  DREG.Lasso & 1.20 & 88.04 & 88.05 \\ 
   \hline
\end{tabular}
\caption{Summary of point estimation} 
\end{table}
% latex table generated in R 4.3.3 by xtable 1.8-4 package
% Wed May 27 01:13:41 2026
\begin{table}[ht]
\centering
\begin{tabular}{rrr}
  \hline
 & RB & CR \\ 
  \hline
HT & 1.64 & 1.00 \\ 
  Diff & -0.11 & 0.91 \\ 
  GREG.oracle & -0.05 & 0.92 \\ 
  GREG & -0.53 & 0.32 \\ 
  DREG & -0.03 & 0.92 \\ 
  GREG.Lasso & -0.04 & 0.88 \\ 
  DREG.Lasso & 0.02 & 0.93 \\ 
   \hline
\end{tabular}
\caption{Summary of variance estimation} 
\end{table}
[1] "p = 170 , r = -0.75"
[1] "# of failure: 0"
% latex table generated in R 4.3.3 by xtable 1.8-4 package
% Wed May 27 01:14:19 2026
\begin{table}[ht]
\centering
\begin{tabular}{rrrr}
  \hline
 & BIAS & SE & RMSE \\ 
  \hline
HT & 5.38 & 393.78 & 393.82 \\ 
  Diff & 0.23 & 72.27 & 72.27 \\ 
  GREG.oracle & -5.72 & 79.76 & 79.96 \\ 
  GREG & -175.34 & 81.06 & 193.18 \\ 
  DREG & -2.13 & 109.94 & 109.96 \\ 
  GREG.Lasso & -18.70 & 85.53 & 87.55 \\ 
  DREG.Lasso & 1.46 & 89.44 & 89.45 \\ 
   \hline
\end{tabular}
\caption{Summary of point estimation} 
\end{table}
% latex table generated in R 4.3.3 by xtable 1.8-4 package
% Wed May 27 01:14:19 2026
\begin{table}[ht]
\centering
\begin{tabular}{rrr}
  \hline
 & RB & CR \\ 
  \hline
HT & 1.64 & 1.00 \\ 
  Diff & -0.11 & 0.91 \\ 
  GREG.oracle & -0.05 & 0.92 \\ 
  GREG & -0.71 & 0.15 \\ 
  DREG & -0.04 & 0.92 \\ 
  GREG.Lasso & -0.02 & 0.89 \\ 
  DREG.Lasso & 0.05 & 0.94 \\ 
   \hline
\end{tabular}
\caption{Summary of variance estimation} 
\end{table}
[1] "p = 210 , r = -0.75"
[1] "# of failure: 0"
% latex table generated in R 4.3.3 by xtable 1.8-4 package
% Wed May 27 01:15:10 2026
\begin{table}[ht]
\centering
\begin{tabular}{rrrr}
  \hline
 & BIAS & SE & RMSE \\ 
  \hline
HT & 5.38 & 393.78 & 393.82 \\ 
  Diff & 0.23 & 72.27 & 72.27 \\ 
  GREG.oracle & -5.72 & 79.76 & 79.96 \\ 
  GREG & -209.62 & 88.45 & 227.51 \\ 
  DREG & -0.38 & 134.59 & 134.59 \\ 
  GREG.Lasso & -19.88 & 84.49 & 86.80 \\ 
  DREG.Lasso & 1.60 & 88.93 & 88.94 \\ 
   \hline
\end{tabular}
\caption{Summary of point estimation} 
\end{table}
% latex table generated in R 4.3.3 by xtable 1.8-4 package
% Wed May 27 01:15:10 2026
\begin{table}[ht]
\centering
\begin{tabular}{rrr}
  \hline
 & RB & CR \\ 
  \hline
HT & 1.64 & 1.00 \\ 
  Diff & -0.11 & 0.91 \\ 
  GREG.oracle & -0.05 & 0.92 \\ 
  GREG & -0.84 & 0.06 \\ 
  DREG & -0.05 & 0.93 \\ 
  GREG.Lasso & -0.03 & 0.88 \\ 
  DREG.Lasso & 0.03 & 0.94 \\ 
   \hline
\end{tabular}
\caption{Summary of variance estimation} 
\end{table}
[1] "p = 250 , r = -0.75"
[1] "# of failure: 0"
% latex table generated in R 4.3.3 by xtable 1.8-4 package
% Wed May 27 01:15:38 2026
\begin{table}[ht]
\centering
\begin{tabular}{rrrr}
  \hline
 & BIAS & SE & RMSE \\ 
  \hline
HT & 5.38 & 393.78 & 393.82 \\ 
  Diff & 0.23 & 72.27 & 72.27 \\ 
  GREG.oracle & -5.72 & 79.76 & 79.96 \\ 
  GREG & -243.76 & 114.70 & 269.39 \\ 
  DREG & 0.76 & 232.13 & 232.14 \\ 
  GREG.Lasso & -19.89 & 86.10 & 88.36 \\ 
  DREG.Lasso & 2.11 & 89.76 & 89.79 \\ 
   \hline
\end{tabular}
\caption{Summary of point estimation} 
\end{table}
% latex table generated in R 4.3.3 by xtable 1.8-4 package
% Wed May 27 01:15:38 2026
\begin{table}[ht]
\centering
\begin{tabular}{rrr}
  \hline
 & RB & CR \\ 
  \hline
HT & 1.64 & 1.00 \\ 
  Diff & -0.11 & 0.91 \\ 
  GREG.oracle & -0.05 & 0.92 \\ 
  GREG & -0.95 & 0.04 \\ 
  DREG & 0.02 & 0.95 \\ 
  GREG.Lasso & -0.01 & 0.89 \\ 
  DREG.Lasso & 0.07 & 0.94 \\ 
   \hline
\end{tabular}
\caption{Summary of variance estimation} 
\end{table}
Warning messages:
1: In e$fun(obj, substitute(ex), parent.frame(), e$data) :
  already exporting variable(s): sample_design_stratified, quad_Omega_strata, sample_design_rejective, make_pi_from_z, var_poisson_approx, run_estimators, sampling, N, n, s, len, z_sorted_idx, z, y, X, mu, seq_K
2: In e$fun(obj, substitute(ex), parent.frame(), e$data) :
  already exporting variable(s): sample_design_stratified, quad_Omega_strata, sample_design_rejective, make_pi_from_z, var_poisson_approx, run_estimators, sampling, N, n, s, len, z_sorted_idx, z, y, X, mu, seq_K
3: In e$fun(obj, substitute(ex), parent.frame(), e$data) :
  already exporting variable(s): sample_design_stratified, quad_Omega_strata, sample_design_rejective, make_pi_from_z, var_poisson_approx, run_estimators, sampling, N, n, s, len, z_sorted_idx, z, y, X, mu, seq_K
4: In e$fun(obj, substitute(ex), parent.frame(), e$data) :
  already exporting variable(s): sample_design_stratified, quad_Omega_strata, sample_design_rejective, make_pi_from_z, var_poisson_approx, run_estimators, sampling, N, n, s, len, z_sorted_idx, z, y, X, mu, seq_K
5: In e$fun(obj, substitute(ex), parent.frame(), e$data) :
  already exporting variable(s): sample_design_stratified, quad_Omega_strata, sample_design_rejective, make_pi_from_z, var_poisson_approx, run_estimators, sampling, N, n, s, len, z_sorted_idx, z, y, X, mu, seq_K
6: In e$fun(obj, substitute(ex), parent.frame(), e$data) :
  already exporting variable(s): sample_design_stratified, quad_Omega_strata, sample_design_rejective, make_pi_from_z, var_poisson_approx, run_estimators, sampling, N, n, s, len, z_sorted_idx, z, y, X, mu, seq_K
7: In e$fun(obj, substitute(ex), parent.frame(), e$data) :
  already exporting variable(s): sample_design_stratified, quad_Omega_strata, sample_design_rejective, make_pi_from_z, var_poisson_approx, run_estimators, sampling, N, n, s, len, z_sorted_idx, z, y, X, mu, seq_K
[1] "Running time"
Time difference of 3.517077 mins
% latex table generated in R 4.3.3 by xtable 1.8-4 package
% Wed May 27 01:15:38 2026
\begin{table}[ht]
\centering
\begin{tabular}{rrrrrrr}
  \hline
 & BIAS & SE & RMSE & BIAS & SE & RMSE \\ 
  \hline
HT & 20.63 & 397.60 & 398.14 & 5.38 & 393.78 & 393.82 \\ 
  Diff & 0.41 & 68.59 & 68.59 & 0.23 & 72.27 & 72.27 \\ 
  GREG.oracle & -5.49 & 76.82 & 77.01 & -5.72 & 79.76 & 79.96 \\ 
  GREG & -11.01 & 76.55 & 77.34 & -243.76 & 114.70 & 269.39 \\ 
  DREG & 0.37 & 78.18 & 78.18 & 0.76 & 232.13 & 232.14 \\ 
  GREG.Lasso & -8.03 & 66.72 & 67.21 & -19.89 & 86.10 & 88.36 \\ 
  DREG.Lasso & 1.14 & 68.77 & 68.78 & 2.11 & 89.76 & 89.79 \\ 
   \hline
\end{tabular}
\end{table}
% latex table generated in R 4.3.3 by xtable 1.8-4 package
% Wed May 27 01:15:38 2026
\begin{table}[ht]
\centering
\begin{tabular}{rrrrr}
  \hline
 & RB & CR & RB & CR \\ 
  \hline
HT & 1.65 & 1.00 & 1.64 & 1.00 \\ 
  Diff & -0.07 & 0.91 & -0.11 & 0.91 \\ 
  GREG.oracle & -0.00 & 0.92 & -0.05 & 0.92 \\ 
  GREG & -0.01 & 0.91 & -0.95 & 0.04 \\ 
  DREG & 0.02 & 0.92 & 0.02 & 0.95 \\ 
  GREG.Lasso & -0.09 & 0.91 & -0.01 & 0.89 \\ 
  DREG.Lasso & -0.07 & 0.92 & 0.07 & 0.94 \\ 
   \hline
\end{tabular}
\end{table}
        10         50         90        130        170        210        250 
0.41966667 0.19208696 0.13365116 0.10739683 0.07963855 0.06923301 0.05754472 
[1] 0 0 0 0 0 0 0
pdf 
  2 
